{
  "stats": {
    "suites": 2,
    "tests": 3,
    "passes": 3,
    "pending": 0,
    "failures": 0,
    "start": "2025-08-09T17:03:47.589Z",
    "end": "2025-08-09T17:03:53.260Z",
    "duration": 5671,
    "testsRegistered": 3,
    "passPercent": 100,
    "pendingPercent": 0,
    "other": 0,
    "hasOther": false,
    "skipped": 0,
    "hasSkipped": false
  },
  "results": [
    {
      "uuid": "bda16d25-c8ef-4191-98e7-8b73ef1db6d3",
      "title": "",
      "fullFile": "cypress\\e2e\\cadastro.spec.js",
      "file": "cypress\\e2e\\cadastro.spec.js",
      "beforeHooks": [],
      "afterHooks": [],
      "tests": [],
      "suites": [
        {
          "uuid": "c692700a-3fb5-418c-9600-2de4702508db",
          "title": "Cadastro de novo usuário",
          "fullFile": "",
          "file": "",
          "beforeHooks": [],
          "afterHooks": [],
          "tests": [
            {
              "title": "Deve cadastrar novo usuário com e-mail aleatório",
              "fullTitle": "Cadastro de novo usuário Deve cadastrar novo usuário com e-mail aleatório",
              "timedOut": null,
              "duration": 3147,
              "state": "passed",
              "speed": "fast",
              "pass": true,
              "fail": false,
              "pending": false,
              "context": null,
              "code": "cy.visit('/cadastro');\ncy.gerarEmailAleatorio().then(emailAleatorio => {\n  cy.get('input[name=\"nome\"]').type('João Victor');\n  cy.get('input[name=\"email\"]').type(emailAleatorio);\n  cy.get('input[name=\"senha\"]').type('Senha123!');\n  cy.get('input[type=\"submit\"][value=\"Cadastrar\"]').click();\n  // Aceita que a URL final seja /login ou /cadastrarUsuario\n  cy.url().should(url => {\n    expect(url).to.satisfy(u => u.includes('/login') || u.includes('/cadastrarUsuario'));\n  });\n  cy.contains('Usuário inserido com sucesso').should('be.visible');\n});",
              "err": {},
              "uuid": "24b6c3b5-e98f-4242-9b27-65a86a5d5fc3",
              "parentUUID": "c692700a-3fb5-418c-9600-2de4702508db",
              "isHook": false,
              "skipped": false
            }
          ],
          "suites": [],
          "passes": [
            "24b6c3b5-e98f-4242-9b27-65a86a5d5fc3"
          ],
          "failures": [],
          "pending": [],
          "skipped": [],
          "duration": 3147,
          "root": false,
          "rootEmpty": false,
          "_timeout": 2000
        },
        {
          "uuid": "9bcbbb7c-211f-4459-9a49-d1b757a47c79",
          "title": "Fluxo de Login",
          "fullFile": "",
          "file": "",
          "beforeHooks": [],
          "afterHooks": [],
          "tests": [
            {
              "title": "Não permite login se não existir usuário cadastrado",
              "fullTitle": "Fluxo de Login Não permite login se não existir usuário cadastrado",
              "timedOut": null,
              "duration": 1219,
              "state": "passed",
              "speed": "fast",
              "pass": true,
              "fail": false,
              "pending": false,
              "context": null,
              "code": "// Ajustar URL para a página correta de login\ncy.visit('/login');\ncy.preencherLogin('usuario.inexistente@example.com', 'SenhaQualquer123');\ncy.clicarEntrar();\ncy.contains('Problemas com o login do usuário').should('be.visible');",
              "err": {},
              "uuid": "add72e95-3db6-4628-8485-155bc688efc6",
              "parentUUID": "9bcbbb7c-211f-4459-9a49-d1b757a47c79",
              "isHook": false,
              "skipped": false
            },
            {
              "title": "Realiza login com sucesso e redireciona para Home",
              "fullTitle": "Fluxo de Login Realiza login com sucesso e redireciona para Home",
              "timedOut": null,
              "duration": 1216,
              "state": "passed",
              "speed": "fast",
              "pass": true,
              "fail": false,
              "pending": false,
              "context": null,
              "code": "cy.fazerLogin('joao.teste@teste.com', 'Senha123!');\ncy.url().should('not.include', '/login'); // garante que saiu da tela de login\ncy.url().should('include', '/'); // garante que entrou na home\ncy.contains('Bem vindo').should('be.visible'); // valida mensagem de boas-vindas",
              "err": {},
              "uuid": "85e16b4c-c1f6-40f3-97f3-f5f742da0444",
              "parentUUID": "9bcbbb7c-211f-4459-9a49-d1b757a47c79",
              "isHook": false,
              "skipped": false
            }
          ],
          "suites": [],
          "passes": [
            "add72e95-3db6-4628-8485-155bc688efc6",
            "85e16b4c-c1f6-40f3-97f3-f5f742da0444"
          ],
          "failures": [],
          "pending": [],
          "skipped": [],
          "duration": 2435,
          "root": false,
          "rootEmpty": false,
          "_timeout": 2000
        }
      ],
      "passes": [],
      "failures": [],
      "pending": [],
      "skipped": [],
      "duration": 0,
      "root": true,
      "rootEmpty": true,
      "_timeout": 2000
    }
  ],
  "meta": {
    "mocha": {
      "version": "7.2.0"
    },
    "mochawesome": {
      "options": {
        "quiet": false,
        "reportFilename": "mochawesome",
        "saveHtml": true,
        "saveJson": true,
        "consoleReporter": "spec",
        "useInlineDiffs": false,
        "code": true
      },
      "version": "7.1.3"
    },
    "marge": {
      "options": {
        "reportDir": "cypress/reports",
        "overwrite": false,
        "html": true,
        "json": true
      },
      "version": "6.2.0"
    }
  }
}