{
  "stats": {
    "suites": 2,
    "tests": 3,
    "passes": 3,
    "pending": 0,
    "failures": 0,
    "start": "2025-08-09T17:05:33.141Z",
    "end": "2025-08-09T17:05:39.061Z",
    "duration": 5920,
    "testsRegistered": 3,
    "passPercent": 100,
    "pendingPercent": 0,
    "other": 0,
    "hasOther": false,
    "skipped": 0,
    "hasSkipped": false
  },
  "results": [
    {
      "uuid": "3fce3c7e-d39c-4ac7-954f-eddd8beb0165",
      "title": "",
      "fullFile": "cypress\\e2e\\cadastro.spec.js",
      "file": "cypress\\e2e\\cadastro.spec.js",
      "beforeHooks": [],
      "afterHooks": [],
      "tests": [],
      "suites": [
        {
          "uuid": "62cc62a1-a205-44d9-97da-5a6eeaf21658",
          "title": "Cadastro de novo usuário",
          "fullFile": "",
          "file": "",
          "beforeHooks": [],
          "afterHooks": [],
          "tests": [
            {
              "title": "Deve cadastrar novo usuário com e-mail aleatório",
              "fullTitle": "Cadastro de novo usuário Deve cadastrar novo usuário com e-mail aleatório",
              "timedOut": null,
              "duration": 3162,
              "state": "passed",
              "speed": "fast",
              "pass": true,
              "fail": false,
              "pending": false,
              "context": null,
              "code": "cy.visit('/cadastro');\ncy.gerarEmailAleatorio().then(emailAleatorio => {\n  cy.get('input[name=\"nome\"]').type('João Victor');\n  cy.get('input[name=\"email\"]').type(emailAleatorio);\n  cy.get('input[name=\"senha\"]').type('Senha123!');\n  cy.get('input[type=\"submit\"][value=\"Cadastrar\"]').click();\n  // Aceita que a URL final seja /login ou /cadastrarUsuario\n  cy.url().should(url => {\n    expect(url).to.satisfy(u => u.includes('/login') || u.includes('/cadastrarUsuario'));\n  });\n  cy.contains('Usuário inserido com sucesso').should('be.visible');\n});",
              "err": {},
              "uuid": "27a410bd-9652-4862-bbf6-45726789f3f2",
              "parentUUID": "62cc62a1-a205-44d9-97da-5a6eeaf21658",
              "isHook": false,
              "skipped": false
            }
          ],
          "suites": [],
          "passes": [
            "27a410bd-9652-4862-bbf6-45726789f3f2"
          ],
          "failures": [],
          "pending": [],
          "skipped": [],
          "duration": 3162,
          "root": false,
          "rootEmpty": false,
          "_timeout": 2000
        },
        {
          "uuid": "d5a09ce1-3856-4a04-a48b-acdc0b783f51",
          "title": "Fluxo de Login",
          "fullFile": "",
          "file": "",
          "beforeHooks": [],
          "afterHooks": [],
          "tests": [
            {
              "title": "Não permite login se não existir usuário cadastrado",
              "fullTitle": "Fluxo de Login Não permite login se não existir usuário cadastrado",
              "timedOut": null,
              "duration": 1320,
              "state": "passed",
              "speed": "fast",
              "pass": true,
              "fail": false,
              "pending": false,
              "context": null,
              "code": "// Ajustar URL para a página correta de login\ncy.visit('/login');\ncy.preencherLogin('usuario.inexistente@example.com', 'SenhaQualquer123');\ncy.clicarEntrar();\ncy.contains('Problemas com o login do usuário').should('be.visible');",
              "err": {},
              "uuid": "b19225c7-26b5-46bd-8cf4-0d3abbe959da",
              "parentUUID": "d5a09ce1-3856-4a04-a48b-acdc0b783f51",
              "isHook": false,
              "skipped": false
            },
            {
              "title": "Realiza login com sucesso e redireciona para Home",
              "fullTitle": "Fluxo de Login Realiza login com sucesso e redireciona para Home",
              "timedOut": null,
              "duration": 1316,
              "state": "passed",
              "speed": "fast",
              "pass": true,
              "fail": false,
              "pending": false,
              "context": null,
              "code": "cy.fazerLogin('joao.teste@teste.com', 'Senha123!');\ncy.url().should('not.include', '/login'); // garante que saiu da tela de login\ncy.url().should('include', '/'); // garante que entrou na home\ncy.contains('Bem vindo').should('be.visible'); // valida mensagem de boas-vindas",
              "err": {},
              "uuid": "d1d9d4d4-145b-4657-9b3b-c39e83310f82",
              "parentUUID": "d5a09ce1-3856-4a04-a48b-acdc0b783f51",
              "isHook": false,
              "skipped": false
            }
          ],
          "suites": [],
          "passes": [
            "b19225c7-26b5-46bd-8cf4-0d3abbe959da",
            "d1d9d4d4-145b-4657-9b3b-c39e83310f82"
          ],
          "failures": [],
          "pending": [],
          "skipped": [],
          "duration": 2636,
          "root": false,
          "rootEmpty": false,
          "_timeout": 2000
        }
      ],
      "passes": [],
      "failures": [],
      "pending": [],
      "skipped": [],
      "duration": 0,
      "root": true,
      "rootEmpty": true,
      "_timeout": 2000
    }
  ],
  "meta": {
    "mocha": {
      "version": "7.2.0"
    },
    "mochawesome": {
      "options": {
        "quiet": false,
        "reportFilename": "mochawesome",
        "saveHtml": true,
        "saveJson": true,
        "consoleReporter": "spec",
        "useInlineDiffs": false,
        "code": true
      },
      "version": "7.1.3"
    },
    "marge": {
      "options": {
        "reportDir": "cypress/reports",
        "overwrite": false,
        "html": true,
        "json": true
      },
      "version": "6.2.0"
    }
  }
}