{
  "stats": {
    "suites": 1,
    "tests": 4,
    "passes": 4,
    "pending": 0,
    "failures": 0,
    "start": "2025-08-09T17:05:42.580Z",
    "end": "2025-08-09T17:05:53.034Z",
    "duration": 10454,
    "testsRegistered": 4,
    "passPercent": 100,
    "pendingPercent": 0,
    "other": 0,
    "hasOther": false,
    "skipped": 0,
    "hasSkipped": false
  },
  "results": [
    {
      "uuid": "277ac9f1-27fc-4ed5-9e74-e2ff08331660",
      "title": "",
      "fullFile": "cypress\\e2e\\contas.spec.js",
      "file": "cypress\\e2e\\contas.spec.js",
      "beforeHooks": [],
      "afterHooks": [],
      "tests": [],
      "suites": [
        {
          "uuid": "925863a9-5ae1-4669-8a1f-f10f47dcc838",
          "title": "Gerenciamento de Contas",
          "fullFile": "",
          "file": "",
          "beforeHooks": [],
          "afterHooks": [],
          "tests": [
            {
              "title": "Deve adicionar duas contas com sucesso",
              "fullTitle": "Gerenciamento de Contas Deve adicionar duas contas com sucesso",
              "timedOut": null,
              "duration": 3702,
              "state": "passed",
              "speed": "fast",
              "pass": true,
              "fail": false,
              "pending": false,
              "context": null,
              "code": "cy.acessarAdicionarConta();\ncy.adicionarConta('Conta Teste 1');\ncy.acessarAdicionarConta();\ncy.adicionarConta('Conta Teste 2');\n// Validar que as contas aparecem na listagem\ncy.acessarListarContas();\ncy.contains('td', 'Conta Teste 1').should('be.visible');\ncy.contains('td', 'Conta Teste 2').should('be.visible');",
              "err": {},
              "uuid": "a1590dd0-a96f-4f20-ac7c-56196fc873cb",
              "parentUUID": "925863a9-5ae1-4669-8a1f-f10f47dcc838",
              "isHook": false,
              "skipped": false
            },
            {
              "title": "Deve alterar o nome de uma conta",
              "fullTitle": "Gerenciamento de Contas Deve alterar o nome de uma conta",
              "timedOut": null,
              "duration": 2762,
              "state": "passed",
              "speed": "fast",
              "pass": true,
              "fail": false,
              "pending": false,
              "context": null,
              "code": "cy.editarConta('Conta Teste 1', 'Conta Teste 1 Alterada');\n// Validar alteração\ncy.acessarListarContas();\ncy.contains('td', 'Conta Teste 1 Alterada').should('be.visible');",
              "err": {},
              "uuid": "7ad6a70c-9664-4b97-98e4-68deb1ff9245",
              "parentUUID": "925863a9-5ae1-4669-8a1f-f10f47dcc838",
              "isHook": false,
              "skipped": false
            },
            {
              "title": "Não deve permitir adicionar conta com nome já existente",
              "fullTitle": "Gerenciamento de Contas Não deve permitir adicionar conta com nome já existente",
              "timedOut": null,
              "duration": 2135,
              "state": "passed",
              "speed": "fast",
              "pass": true,
              "fail": false,
              "pending": false,
              "context": null,
              "code": "cy.acessarAdicionarConta();\ncy.adicionarConta('Conta Teste 2');\n// Ajuste a mensagem de erro conforme seu sistema\ncy.contains('Já existe uma conta com esse nome!').should('be.visible');",
              "err": {},
              "uuid": "1962841e-f533-42e8-8fcb-b725483fff92",
              "parentUUID": "925863a9-5ae1-4669-8a1f-f10f47dcc838",
              "isHook": false,
              "skipped": false
            },
            {
              "title": "Não deve permitir excluir conta vinculada a movimentação",
              "fullTitle": "Gerenciamento de Contas Não deve permitir excluir conta vinculada a movimentação",
              "timedOut": null,
              "duration": 1753,
              "state": "passed",
              "speed": "fast",
              "pass": true,
              "fail": false,
              "pending": false,
              "context": null,
              "code": "// Tenta excluir conta que sabemos que está vinculada\ncy.excluirConta('vitoria');\n// Ajuste a mensagem de erro conforme seu sistema\ncy.contains('Conta em uso na movimentações').should('be.visible');",
              "err": {},
              "uuid": "37226592-0f43-4203-b872-f2c9dfef4132",
              "parentUUID": "925863a9-5ae1-4669-8a1f-f10f47dcc838",
              "isHook": false,
              "skipped": false
            }
          ],
          "suites": [],
          "passes": [
            "a1590dd0-a96f-4f20-ac7c-56196fc873cb",
            "7ad6a70c-9664-4b97-98e4-68deb1ff9245",
            "1962841e-f533-42e8-8fcb-b725483fff92",
            "37226592-0f43-4203-b872-f2c9dfef4132"
          ],
          "failures": [],
          "pending": [],
          "skipped": [],
          "duration": 10352,
          "root": false,
          "rootEmpty": false,
          "_timeout": 2000
        }
      ],
      "passes": [],
      "failures": [],
      "pending": [],
      "skipped": [],
      "duration": 0,
      "root": true,
      "rootEmpty": true,
      "_timeout": 2000
    }
  ],
  "meta": {
    "mocha": {
      "version": "7.2.0"
    },
    "mochawesome": {
      "options": {
        "quiet": false,
        "reportFilename": "mochawesome",
        "saveHtml": true,
        "saveJson": true,
        "consoleReporter": "spec",
        "useInlineDiffs": false,
        "code": true
      },
      "version": "7.1.3"
    },
    "marge": {
      "options": {
        "reportDir": "cypress/reports",
        "overwrite": false,
        "html": true,
        "json": true
      },
      "version": "6.2.0"
    }
  }
}